<?xml version="1.0" encoding="UTF-8"?>
<!-- Generated by org.testng.reporters.JUnitReportReporter -->
<testsuite hostname="shiva8125" failures="0" tests="1" name="TestCases.TC_001_AccountRegistrationTest" time="2.611" errors="0" timestamp="2023-05-12T12:54:24 EDT" skipped="0">
  <testcase classname="TestCases.TC_001_AccountRegistrationTest" name="Registration" time="2.611"/>
  <system-out/>
</testsuite> <!-- TestCases.TC_001_AccountRegistrationTest -->
