<?xml version="1.0" encoding="UTF-8"?>
<!-- Generated by org.testng.reporters.JUnitReportReporter -->
<testsuite hostname="shiva8125" failures="0" tests="1" name="TestCases.TC_001_AccountRegistrationTest" time="2.276" errors="0" timestamp="2023-06-20T11:41:11 EDT" skipped="0">
  <testcase classname="TestCases.TC_001_AccountRegistrationTest" name="Registration" time="2.276"/>
  <system-out/>
</testsuite> <!-- TestCases.TC_001_AccountRegistrationTest -->
